# JRE version: OpenJDK Runtime Environment (11.0.15) (build 11.0.15+0-b2043.56-9505619)
# Java VM: OpenJDK 64-Bit Server VM (11.0.15+0-b2043.56-9505619, mixed mode, tiered, compressed oops, g1 gc, windows-amd64)
Heap:
 garbage-first heap   total 574464K, used 228969K [0x0000000080000000, 0x0000000100000000)
  region size 1024K, 48 young (49152K), 16 survivors (16384K)
 Metaspace       used 117858K, capacity 121222K, committed 121392K, reserved 1155072K
  class space    used 14918K, capacity 16220K, committed 16256K, reserved 1048576K
GC Heap History (20 events):
Event: 28.937 GC heap before
{Heap before GC invocations=56 (full 0):
 garbage-first heap   total 444416K, used 347274K [0x0000000080000000, 0x0000000100000000)
  region size 1024K, 260 young (266240K), 19 survivors (19456K)
 Metaspace       used 44996K, capacity 46261K, committed 46384K, reserved 1089536K
  class space    used 5712K, capacity 6178K, committed 6272K, reserved 1048576K
}
Event: 28.960 GC heap after
{Heap after GC invocations=57 (full 0):
 garbage-first heap   total 444416K, used 102459K [0x0000000080000000, 0x0000000100000000)
  region size 1024K, 20 young (20480K), 20 survivors (20480K)
 Metaspace       used 44996K, capacity 46261K, committed 46384K, reserved 1089536K
  class space    used 5712K, capacity 6178K, committed 6272K, reserved 1048576K
}
Event: 29.555 GC heap before
{Heap before GC invocations=57 (full 0):
 garbage-first heap   total 444416K, used 348219K [0x0000000080000000, 0x0000000100000000)
  region size 1024K, 260 young (266240K), 20 survivors (20480K)
 Metaspace       used 44996K, capacity 46261K, committed 46384K, reserved 1089536K
  class space    used 5712K, capacity 6178K, committed 6272K, reserved 1048576K
}
Event: 29.584 GC heap after
{Heap after GC invocations=58 (full 0):
 garbage-first heap   total 444416K, used 104996K [0x0000000080000000, 0x0000000100000000)
  region size 1024K, 21 young (21504K), 21 survivors (21504K)
 Metaspace       used 44996K, capacity 46261K, committed 46384K, reserved 1089536K
  class space    used 5712K, capacity 6178K, committed 6272K, reserved 1048576K
}
Event: 30.192 GC heap before
{Heap before GC invocations=58 (full 0):
 garbage-first heap   total 444416K, used 349732K [0x0000000080000000, 0x0000000100000000)
  region size 1024K, 260 young (266240K), 21 survivors (21504K)
 Metaspace       used 44996K, capacity 46261K, committed 46384K, reserved 1089536K
  class space    used 5712K, capacity 6178K, committed 6272K, reserved 1048576K
}
Event: 30.221 GC heap after
{Heap after GC invocations=59 (full 0):
 garbage-first heap   total 510976K, used 106829K [0x0000000080000000, 0x0000000100000000)
  region size 1024K, 20 young (20480K), 20 survivors (20480K)
 Metaspace       used 44996K, capacity 46261K, committed 46384K, reserved 1089536K
  class space    used 5712K, capacity 6178K, committed 6272K, reserved 1048576K
}
Event: 30.932 GC heap before
{Heap before GC invocations=59 (full 0):
 garbage-first heap   total 510976K, used 392525K [0x0000000080000000, 0x0000000100000000)
  region size 1024K, 299 young (306176K), 20 survivors (20480K)
 Metaspace       used 44997K, capacity 46261K, committed 46384K, reserved 1089536K
  class space    used 5712K, capacity 6178K, committed 6272K, reserved 1048576K
}
Event: 30.963 GC heap after
{Heap after GC invocations=60 (full 0):
 garbage-first heap   total 510976K, used 109249K [0x0000000080000000, 0x0000000100000000)
  region size 1024K, 23 young (23552K), 23 survivors (23552K)
 Metaspace       used 44997K, capacity 46261K, committed 46384K, reserved 1089536K
  class space    used 5712K, capacity 6178K, committed 6272K, reserved 1048576K
}
Event: 31.733 GC heap before
{Heap before GC invocations=60 (full 0):
 garbage-first heap   total 510976K, used 406209K [0x0000000080000000, 0x0000000100000000)
  region size 1024K, 299 young (306176K), 23 survivors (23552K)
 Metaspace       used 44997K, capacity 46261K, committed 46384K, reserved 1089536K
  class space    used 5712K, capacity 6178K, committed 6272K, reserved 1048576K
}
Event: 31.772 GC heap after
{Heap after GC invocations=61 (full 0):
 garbage-first heap   total 510976K, used 111798K [0x0000000080000000, 0x0000000100000000)
  region size 1024K, 22 young (22528K), 22 survivors (22528K)
 Metaspace       used 44997K, capacity 46261K, committed 46384K, reserved 1089536K
  class space    used 5712K, capacity 6178K, committed 6272K, reserved 1048576K
}
Event: 40.840 GC heap before
{Heap before GC invocations=61 (full 0):
 garbage-first heap   total 510976K, used 424118K [0x0000000080000000, 0x0000000100000000)
  region size 1024K, 299 young (306176K), 22 survivors (22528K)
 Metaspace       used 52393K, capacity 53782K, committed 53936K, reserved 1095680K
  class space    used 6602K, capacity 7122K, committed 7168K, reserved 1048576K
}
Event: 40.906 GC heap after
{Heap after GC invocations=62 (full 0):
 garbage-first heap   total 510976K, used 110202K [0x0000000080000000, 0x0000000100000000)
  region size 1024K, 12 young (12288K), 12 survivors (12288K)
 Metaspace       used 52393K, capacity 53782K, committed 53936K, reserved 1095680K
  class space    used 6602K, capacity 7122K, committed 7168K, reserved 1048576K
}
Event: 49.103 GC heap before
{Heap before GC invocations=62 (full 0):
 garbage-first heap   total 510976K, used 402042K [0x0000000080000000, 0x0000000100000000)
  region size 1024K, 291 young (297984K), 12 survivors (12288K)
 Metaspace       used 74199K, capacity 76180K, committed 76208K, reserved 1116160K
  class space    used 9423K, capacity 10222K, committed 10240K, reserved 1048576K
}
Event: 49.201 GC heap after
{Heap after GC invocations=63 (full 0):
 garbage-first heap   total 574464K, used 133448K [0x0000000080000000, 0x0000000100000000)
  region size 1024K, 28 young (28672K), 28 survivors (28672K)
 Metaspace       used 74199K, capacity 76180K, committed 76208K, reserved 1116160K
  class space    used 9423K, capacity 10222K, committed 10240K, reserved 1048576K
}
Event: 55.869 GC heap before
{Heap before GC invocations=64 (full 0):
 garbage-first heap   total 574464K, used 486728K [0x0000000080000000, 0x0000000100000000)
  region size 1024K, 336 young (344064K), 28 survivors (28672K)
 Metaspace       used 94000K, capacity 96694K, committed 96944K, reserved 1132544K
  class space    used 12046K, capacity 13013K, committed 13056K, reserved 1048576K
}
Event: 56.052 GC heap after
{Heap after GC invocations=65 (full 0):
 garbage-first heap   total 574464K, used 182858K [0x0000000080000000, 0x0000000100000000)
  region size 1024K, 40 young (40960K), 40 survivors (40960K)
 Metaspace       used 94000K, capacity 96694K, committed 96944K, reserved 1132544K
  class space    used 12046K, capacity 13013K, committed 13056K, reserved 1048576K
}
Event: 60.817 GC heap before
{Heap before GC invocations=65 (full 0):
 garbage-first heap   total 574464K, used 475722K [0x0000000080000000, 0x0000000100000000)
  region size 1024K, 325 young (332800K), 40 survivors (40960K)
 Metaspace       used 102632K, capacity 105680K, committed 106032K, reserved 1140736K
  class space    used 13244K, capacity 14339K, committed 14464K, reserved 1048576K
}
Event: 61.035 GC heap after
{Heap after GC invocations=66 (full 0):
 garbage-first heap   total 574464K, used 193129K [0x0000000080000000, 0x0000000100000000)
  region size 1024K, 9 young (9216K), 9 survivors (9216K)
 Metaspace       used 102632K, capacity 105680K, committed 106032K, reserved 1140736K
  class space    used 13244K, capacity 14339K, committed 14464K, reserved 1048576K
}
Event: 68.304 GC heap before
{Heap before GC invocations=66 (full 0):
 garbage-first heap   total 574464K, used 478825K [0x0000000080000000, 0x0000000100000000)
  region size 1024K, 289 young (295936K), 9 survivors (9216K)
 Metaspace       used 115139K, capacity 118575K, committed 118704K, reserved 1153024K
  class space    used 14736K, capacity 16048K, committed 16128K, reserved 1048576K
}
Event: 68.392 GC heap after
{Heap after GC invocations=67 (full 0):
 garbage-first heap   total 574464K, used 198249K [0x0000000080000000, 0x0000000100000000)
  region size 1024K, 16 young (16384K), 16 survivors (16384K)
 Metaspace       used 115139K, capacity 118575K, committed 118704K, reserved 1153024K
  class space    used 14736K, capacity 16048K, committed 16128K, reserved 1048576K
}

